gymify/build/outputs/logs/manifest-merger-debug-report.txt
-- Merging decision tree log ---
manifest
ADDED from src/main/AndroidManifest.xml:2:1-57:12
	package
		ADDED from src/main/AndroidManifest.xml:3:5-29
		INJECTED from src/main/AndroidManifest.xml
		INJECTED from src/main/AndroidManifest.xml
	android:versionName
		ADDED from src/main/AndroidManifest.xml:5:5-30
		INJECTED from src/main/AndroidManifest.xml
		INJECTED from src/main/AndroidManifest.xml
	android:versionCode
		ADDED from src/main/AndroidManifest.xml:4:5-28
		INJECTED from src/main/AndroidManifest.xml
		INJECTED from src/main/AndroidManifest.xml
	xmlns:android
		ADDED from src/main/AndroidManifest.xml:2:11-69
uses-sdk
ADDED from src/main/AndroidManifest.xml:7:5-9:41
MERGED from [com.android.support:multidex:1.0.1] AndroidManifest.xml:18:5-42
	android:targetSdkVersion
		ADDED from src/main/AndroidManifest.xml:9:9-38
		INJECTED from src/main/AndroidManifest.xml
		INJECTED from src/main/AndroidManifest.xml
	android:minSdkVersion
		ADDED from src/main/AndroidManifest.xml:8:9-35
		INJECTED from src/main/AndroidManifest.xml
		INJECTED from src/main/AndroidManifest.xml
uses-permission#android.permission.VIBRATE
ADDED from src/main/AndroidManifest.xml:11:5-66
	android:name
		ADDED from src/main/AndroidManifest.xml:11:22-63
android:uses-permission#android.permission.WRITE_EXTERNAL_STORAGE
ADDED from src/main/AndroidManifest.xml:13:5-89
	android:name
		ADDED from src/main/AndroidManifest.xml:13:30-86
android:uses-permission#android.permission.READ_PHONE_STATE
ADDED from src/main/AndroidManifest.xml:14:5-83
	android:name
		ADDED from src/main/AndroidManifest.xml:14:30-80
android:uses-permission#android.permission.READ_EXTERNAL_STORAGE
ADDED from src/main/AndroidManifest.xml:15:5-88
	android:name
		ADDED from src/main/AndroidManifest.xml:15:30-85
uses-feature#=android.hardware.sensor.stepdetector
ADDED from src/main/AndroidManifest.xml:16:5-98
	android:required
		ADDED from src/main/AndroidManifest.xml:16:72-96
	android:name
		ADDED from src/main/AndroidManifest.xml:16:19-71
application
ADDED from src/main/AndroidManifest.xml:18:5-55:19
	android:label
		ADDED from src/main/AndroidManifest.xml:21:9-41
	android:allowBackup
		ADDED from src/main/AndroidManifest.xml:19:9-35
	android:icon
		ADDED from src/main/AndroidManifest.xml:20:9-45
	android:theme
		ADDED from src/main/AndroidManifest.xml:22:9-40
activity#com.gav.gymify.MainActivity
ADDED from src/main/AndroidManifest.xml:23:9-31:20
	android:label
		ADDED from src/main/AndroidManifest.xml:25:13-35
	android:name
		ADDED from src/main/AndroidManifest.xml:24:13-41
intent-filter#android.intent.action.MAIN+android.intent.category.LAUNCHER
ADDED from src/main/AndroidManifest.xml:26:13-30:29
action#android.intent.action.MAIN
ADDED from src/main/AndroidManifest.xml:27:17-69
	android:name
		ADDED from src/main/AndroidManifest.xml:27:25-66
category#android.intent.category.LAUNCHER
ADDED from src/main/AndroidManifest.xml:29:17-77
	android:name
		ADDED from src/main/AndroidManifest.xml:29:27-74
activity#com.gav.gymify.ExerciseActivity
ADDED from src/main/AndroidManifest.xml:32:9-35:67
	android:label
		ADDED from src/main/AndroidManifest.xml:34:13-60
	android:parentActivityName
		ADDED from src/main/AndroidManifest.xml:35:13-55
	android:name
		ADDED from src/main/AndroidManifest.xml:33:13-45
activity#com.gav.gymify.SetActivity
ADDED from src/main/AndroidManifest.xml:36:9-41:64
	android:screenOrientation
		ADDED from src/main/AndroidManifest.xml:40:13-49
	android:label
		ADDED from src/main/AndroidManifest.xml:38:13-55
	android:parentActivityName
		ADDED from src/main/AndroidManifest.xml:39:13-59
	android:windowSoftInputMode
		ADDED from src/main/AndroidManifest.xml:41:13-52
	android:name
		ADDED from src/main/AndroidManifest.xml:37:13-40
activity#com.gav.gymify.ReportTabActivity
ADDED from src/main/AndroidManifest.xml:42:9-49:20
	android:label
		ADDED from src/main/AndroidManifest.xml:44:13-62
	android:parentActivityName
		ADDED from src/main/AndroidManifest.xml:45:13-55
	android:name
		ADDED from src/main/AndroidManifest.xml:43:13-46
meta-data#android.support.PARENT_ACTIVITY
ADDED from src/main/AndroidManifest.xml:46:13-48:75
	android:value
		ADDED from src/main/AndroidManifest.xml:48:17-72
	android:name
		ADDED from src/main/AndroidManifest.xml:47:17-63
activity#com.gav.gymify.CardioActivity
ADDED from src/main/AndroidManifest.xml:50:9-54:61
	android:screenOrientation
		ADDED from src/main/AndroidManifest.xml:54:13-49
	android:label
		ADDED from src/main/AndroidManifest.xml:52:13-58
	android:parentActivityName
		ADDED from src/main/AndroidManifest.xml:53:13-59
	android:name
		ADDED from src/main/AndroidManifest.xml:51:13-43